01-Jan-2010 01:32:52.620 INFO [main] org.apache.catalina.startup.VersionLoggerListener.log Server version name:   Apache Tomcat/8.5.96
01-Jan-2010 01:32:52.620 INFO [main] org.apache.catalina.startup.VersionLoggerListener.log Server built:          Nov 10 2023 14:56:59 UTC
01-Jan-2010 01:32:52.620 INFO [main] org.apache.catalina.startup.VersionLoggerListener.log Server version number: 8.5.96.0
01-Jan-2010 01:32:52.620 INFO [main] org.apache.catalina.startup.VersionLoggerListener.log OS Name:               Windows 7
01-Jan-2010 01:32:52.620 INFO [main] org.apache.catalina.startup.VersionLoggerListener.log OS Version:            6.1
01-Jan-2010 01:32:52.620 INFO [main] org.apache.catalina.startup.VersionLoggerListener.log Architecture:          amd64
01-Jan-2010 01:32:52.620 INFO [main] org.apache.catalina.startup.VersionLoggerListener.log Java Home:             C:\Program Files\Java\jdk1.8.0_144\jre
01-Jan-2010 01:32:52.620 INFO [main] org.apache.catalina.startup.VersionLoggerListener.log JVM Version:           1.8.0_144-b01
01-Jan-2010 01:32:52.620 INFO [main] org.apache.catalina.startup.VersionLoggerListener.log JVM Vendor:            Oracle Corporation
01-Jan-2010 01:32:52.620 INFO [main] org.apache.catalina.startup.VersionLoggerListener.log CATALINA_BASE:         C:\xampp\tomcat
01-Jan-2010 01:32:52.620 INFO [main] org.apache.catalina.startup.VersionLoggerListener.log CATALINA_HOME:         C:\xampp\tomcat
01-Jan-2010 01:32:52.620 INFO [main] org.apache.catalina.startup.VersionLoggerListener.log Command line argument: -Djava.util.logging.config.file=c:\xampp\tomcat\conf\logging.properties
01-Jan-2010 01:32:52.620 INFO [main] org.apache.catalina.startup.VersionLoggerListener.log Command line argument: -Djava.util.logging.manager=org.apache.juli.ClassLoaderLogManager
01-Jan-2010 01:32:52.620 INFO [main] org.apache.catalina.startup.VersionLoggerListener.log Command line argument: -Djdk.tls.ephemeralDHKeySize=2048
01-Jan-2010 01:32:52.620 INFO [main] org.apache.catalina.startup.VersionLoggerListener.log Command line argument: -Djava.protocol.handler.pkgs=org.apache.catalina.webresources
01-Jan-2010 01:32:52.620 INFO [main] org.apache.catalina.startup.VersionLoggerListener.log Command line argument: -Dignore.endorsed.dirs=
01-Jan-2010 01:32:52.620 INFO [main] org.apache.catalina.startup.VersionLoggerListener.log Command line argument: -Dcatalina.base=c:\xampp\tomcat
01-Jan-2010 01:32:52.620 INFO [main] org.apache.catalina.startup.VersionLoggerListener.log Command line argument: -Dcatalina.home=c:\xampp\tomcat
01-Jan-2010 01:32:52.635 INFO [main] org.apache.catalina.startup.VersionLoggerListener.log Command line argument: -Djava.io.tmpdir=c:\xampp\tomcat\temp
01-Jan-2010 01:32:52.635 INFO [main] org.apache.catalina.core.AprLifecycleListener.lifecycleEvent The Apache Tomcat Native library which allows using OpenSSL was not found on the java.library.path: [C:\Program Files\Java\jdk1.8.0_144\bin;C:\Windows\Sun\Java\bin;C:\Windows\system32;C:\Windows;C:\ProgramData\Oracle\Java\javapath;C:\Windows\system32;C:\Windows;C:\Windows\System32\Wbem;C:\Windows\System32\WindowsPowerShell\v1.0\;.]
01-Jan-2010 01:32:53.150 INFO [main] org.apache.coyote.AbstractProtocol.init Initializing ProtocolHandler ["http-nio-8080"]
01-Jan-2010 01:32:53.244 INFO [main] org.apache.catalina.startup.Catalina.load Initialization processed in 1786 ms
01-Jan-2010 01:32:53.368 INFO [main] org.apache.catalina.core.StandardService.startInternal Starting service [Catalina]
01-Jan-2010 01:32:53.368 INFO [main] org.apache.catalina.core.StandardEngine.startInternal Starting Servlet engine: [Apache Tomcat/8.5.96]
01-Jan-2010 01:32:53.384 INFO [localhost-startStop-1] org.apache.catalina.startup.HostConfig.deployDirectory Deploying web application directory [C:\xampp\tomcat\webapps\docs]
01-Jan-2010 01:32:54.008 INFO [localhost-startStop-1] org.apache.catalina.startup.HostConfig.deployDirectory Deployment of web application directory [C:\xampp\tomcat\webapps\docs] has finished in [624] ms
01-Jan-2010 01:32:54.008 INFO [localhost-startStop-1] org.apache.catalina.startup.HostConfig.deployDirectory Deploying web application directory [C:\xampp\tomcat\webapps\examples]
01-Jan-2010 01:32:54.585 INFO [localhost-startStop-1] org.apache.catalina.startup.HostConfig.deployDirectory Deployment of web application directory [C:\xampp\tomcat\webapps\examples] has finished in [577] ms
01-Jan-2010 01:32:54.585 INFO [localhost-startStop-1] org.apache.catalina.startup.HostConfig.deployDirectory Deploying web application directory [C:\xampp\tomcat\webapps\host-manager]
01-Jan-2010 01:32:54.632 INFO [localhost-startStop-1] org.apache.catalina.startup.HostConfig.deployDirectory Deployment of web application directory [C:\xampp\tomcat\webapps\host-manager] has finished in [47] ms
01-Jan-2010 01:32:54.632 INFO [localhost-startStop-1] org.apache.catalina.startup.HostConfig.deployDirectory Deploying web application directory [C:\xampp\tomcat\webapps\manager]
01-Jan-2010 01:32:54.679 INFO [localhost-startStop-1] org.apache.catalina.startup.HostConfig.deployDirectory Deployment of web application directory [C:\xampp\tomcat\webapps\manager] has finished in [47] ms
01-Jan-2010 01:32:54.679 INFO [localhost-startStop-1] org.apache.catalina.startup.HostConfig.deployDirectory Deploying web application directory [C:\xampp\tomcat\webapps\ROOT]
01-Jan-2010 01:32:54.710 INFO [localhost-startStop-1] org.apache.catalina.startup.HostConfig.deployDirectory Deployment of web application directory [C:\xampp\tomcat\webapps\ROOT] has finished in [31] ms
01-Jan-2010 01:32:54.710 INFO [main] org.apache.coyote.AbstractProtocol.start Starting ProtocolHandler ["http-nio-8080"]
01-Jan-2010 01:32:54.882 INFO [main] org.apache.catalina.startup.Catalina.start Server startup in 1639 ms
01-Jan-2010 01:34:32.675 INFO [main] org.apache.catalina.core.StandardServer.await A valid shutdown command was received via the shutdown port. Stopping the Server instance.
01-Jan-2010 01:34:32.675 INFO [main] org.apache.coyote.AbstractProtocol.pause Pausing ProtocolHandler ["http-nio-8080"]
01-Jan-2010 01:34:32.738 INFO [main] org.apache.catalina.core.StandardService.stopInternal Stopping service [Catalina]
01-Jan-2010 01:34:32.818 INFO [main] org.apache.coyote.AbstractProtocol.stop Stopping ProtocolHandler ["http-nio-8080"]
01-Jan-2010 01:34:32.833 INFO [main] org.apache.coyote.AbstractProtocol.destroy Destroying ProtocolHandler ["http-nio-8080"]
01-Jan-2010 01:43:20.068 INFO [main] org.apache.catalina.startup.VersionLoggerListener.log Server version name:   Apache Tomcat/8.5.96
01-Jan-2010 01:43:20.068 INFO [main] org.apache.catalina.startup.VersionLoggerListener.log Server built:          Nov 10 2023 14:56:59 UTC
01-Jan-2010 01:43:20.068 INFO [main] org.apache.catalina.startup.VersionLoggerListener.log Server version number: 8.5.96.0
01-Jan-2010 01:43:20.068 INFO [main] org.apache.catalina.startup.VersionLoggerListener.log OS Name:               Windows 7
01-Jan-2010 01:43:20.084 INFO [main] org.apache.catalina.startup.VersionLoggerListener.log OS Version:            6.1
01-Jan-2010 01:43:20.084 INFO [main] org.apache.catalina.startup.VersionLoggerListener.log Architecture:          amd64
01-Jan-2010 01:43:20.084 INFO [main] org.apache.catalina.startup.VersionLoggerListener.log Java Home:             C:\Program Files\Java\jdk1.8.0_144\jre
01-Jan-2010 01:43:20.084 INFO [main] org.apache.catalina.startup.VersionLoggerListener.log JVM Version:           1.8.0_144-b01
01-Jan-2010 01:43:20.084 INFO [main] org.apache.catalina.startup.VersionLoggerListener.log JVM Vendor:            Oracle Corporation
01-Jan-2010 01:43:20.084 INFO [main] org.apache.catalina.startup.VersionLoggerListener.log CATALINA_BASE:         C:\xampp\tomcat
01-Jan-2010 01:43:20.084 INFO [main] org.apache.catalina.startup.VersionLoggerListener.log CATALINA_HOME:         C:\xampp\tomcat
01-Jan-2010 01:43:20.084 INFO [main] org.apache.catalina.startup.VersionLoggerListener.log Command line argument: -Djava.util.logging.config.file=C:\xampp\tomcat\conf\logging.properties
01-Jan-2010 01:43:20.084 INFO [main] org.apache.catalina.startup.VersionLoggerListener.log Command line argument: -Djava.util.logging.manager=org.apache.juli.ClassLoaderLogManager
01-Jan-2010 01:43:20.084 INFO [main] org.apache.catalina.startup.VersionLoggerListener.log Command line argument: -Dhttp.nonProxyHosts=localhost|127.0.0.1|VISHALBANIVAL
01-Jan-2010 01:43:20.084 INFO [main] org.apache.catalina.startup.VersionLoggerListener.log Command line argument: -Djdk.tls.ephemeralDHKeySize=2048
01-Jan-2010 01:43:20.084 INFO [main] org.apache.catalina.startup.VersionLoggerListener.log Command line argument: -Djava.protocol.handler.pkgs=org.apache.catalina.webresources
01-Jan-2010 01:43:20.084 INFO [main] org.apache.catalina.startup.VersionLoggerListener.log Command line argument: -Dignore.endorsed.dirs=
01-Jan-2010 01:43:20.084 INFO [main] org.apache.catalina.startup.VersionLoggerListener.log Command line argument: -Dcatalina.base=C:\xampp\tomcat
01-Jan-2010 01:43:20.084 INFO [main] org.apache.catalina.startup.VersionLoggerListener.log Command line argument: -Dcatalina.home=C:\xampp\tomcat
01-Jan-2010 01:43:20.084 INFO [main] org.apache.catalina.startup.VersionLoggerListener.log Command line argument: -Djava.io.tmpdir=C:\xampp\tomcat\temp
01-Jan-2010 01:43:20.084 INFO [main] org.apache.catalina.core.AprLifecycleListener.lifecycleEvent Loaded Apache Tomcat Native library [1.2.39] using APR version [1.7.4].
01-Jan-2010 01:43:20.084 INFO [main] org.apache.catalina.core.AprLifecycleListener.lifecycleEvent APR capabilities: IPv6 [true], sendfile [true], accept filters [false], random [true], UDS [{4}].
01-Jan-2010 01:43:20.084 INFO [main] org.apache.catalina.core.AprLifecycleListener.lifecycleEvent APR/OpenSSL configuration: useAprConnector [false], useOpenSSL [true]
01-Jan-2010 01:43:20.162 INFO [main] org.apache.catalina.core.AprLifecycleListener.initializeSSL OpenSSL successfully initialized [OpenSSL 3.0.11 19 Sep 2023]
01-Jan-2010 01:43:20.458 INFO [main] org.apache.coyote.AbstractProtocol.init Initializing ProtocolHandler ["http-nio-8080"]
01-Jan-2010 01:43:20.536 INFO [main] org.apache.catalina.startup.Catalina.load Initialization processed in 1696 ms
01-Jan-2010 01:43:20.614 INFO [main] org.apache.catalina.core.StandardService.startInternal Starting service [Catalina]
01-Jan-2010 01:43:20.614 INFO [main] org.apache.catalina.core.StandardEngine.startInternal Starting Servlet engine: [Apache Tomcat/8.5.96]
01-Jan-2010 01:43:20.646 INFO [localhost-startStop-1] org.apache.catalina.startup.HostConfig.deployDirectory Deploying web application directory [C:\xampp\tomcat\webapps\docs]
01-Jan-2010 01:43:21.363 WARNING [localhost-startStop-1] org.apache.catalina.util.SessionIdGeneratorBase.createSecureRandom Creation of SecureRandom instance for session ID generation using [SHA1PRNG] took [109] milliseconds.
01-Jan-2010 01:43:21.410 INFO [localhost-startStop-1] org.apache.catalina.startup.HostConfig.deployDirectory Deployment of web application directory [C:\xampp\tomcat\webapps\docs] has finished in [764] ms
01-Jan-2010 01:43:21.410 INFO [localhost-startStop-1] org.apache.catalina.startup.HostConfig.deployDirectory Deploying web application directory [C:\xampp\tomcat\webapps\examples]
01-Jan-2010 01:43:22.143 INFO [localhost-startStop-1] org.apache.catalina.startup.HostConfig.deployDirectory Deployment of web application directory [C:\xampp\tomcat\webapps\examples] has finished in [733] ms
01-Jan-2010 01:43:22.143 INFO [localhost-startStop-1] org.apache.catalina.startup.HostConfig.deployDirectory Deploying web application directory [C:\xampp\tomcat\webapps\host-manager]
01-Jan-2010 01:43:22.190 INFO [localhost-startStop-1] org.apache.catalina.startup.HostConfig.deployDirectory Deployment of web application directory [C:\xampp\tomcat\webapps\host-manager] has finished in [47] ms
01-Jan-2010 01:43:22.190 INFO [localhost-startStop-1] org.apache.catalina.startup.HostConfig.deployDirectory Deploying web application directory [C:\xampp\tomcat\webapps\manager]
01-Jan-2010 01:43:22.253 INFO [localhost-startStop-1] org.apache.catalina.startup.HostConfig.deployDirectory Deployment of web application directory [C:\xampp\tomcat\webapps\manager] has finished in [63] ms
01-Jan-2010 01:43:22.253 INFO [localhost-startStop-1] org.apache.catalina.startup.HostConfig.deployDirectory Deploying web application directory [C:\xampp\tomcat\webapps\ROOT]
01-Jan-2010 01:43:22.299 INFO [localhost-startStop-1] org.apache.catalina.startup.HostConfig.deployDirectory Deployment of web application directory [C:\xampp\tomcat\webapps\ROOT] has finished in [46] ms
01-Jan-2010 01:43:22.299 INFO [main] org.apache.coyote.AbstractProtocol.start Starting ProtocolHandler ["http-nio-8080"]
01-Jan-2010 01:43:22.424 INFO [main] org.apache.catalina.startup.Catalina.start Server startup in 1884 ms
01-Jan-2010 01:46:50.811 INFO [http-nio-8080-exec-6] org.apache.catalina.startup.HostConfig.deployDescriptor Deploying deployment descriptor [C:\xampp\tomcat\conf\Catalina\localhost\e-Farming.xml]
01-Jan-2010 01:46:50.826 WARNING [http-nio-8080-exec-6] org.apache.catalina.startup.SetContextPropertiesRule.begin [SetContextPropertiesRule]{Context} Setting property 'antiJARLocking' to 'true' did not find a matching property.
01-Jan-2010 01:46:51.279 INFO [http-nio-8080-exec-6] org.apache.jasper.servlet.TldScanner.scanJars At least one JAR was scanned for TLDs yet contained no TLDs. Enable debug logging for this logger for a complete list of JARs that were scanned but no TLDs were found in them. Skipping unneeded JARs during scanning can improve startup time and JSP compilation time.
01-Jan-2010 01:46:51.326 INFO [http-nio-8080-exec-6] org.apache.catalina.startup.HostConfig.deployDescriptor Deployment of deployment descriptor [C:\xampp\tomcat\conf\Catalina\localhost\e-Farming.xml] has finished in [515] ms
01-Jan-2010 01:46:51.341 INFO [http-nio-8080-exec-5] org.apache.catalina.util.LifecycleBase.start The start() method was called on component [StandardEngine[Catalina].StandardHost[localhost].StandardContext[/e-Farming]] after start() had already been called. The second call will be ignored.
01-Jan-2010 01:46:55.466 INFO [http-nio-8080-exec-3] org.apache.catalina.core.StandardContext.reload Reloading Context with name [/e-Farming] has started
01-Jan-2010 01:46:55.842 INFO [http-nio-8080-exec-3] org.apache.jasper.servlet.TldScanner.scanJars At least one JAR was scanned for TLDs yet contained no TLDs. Enable debug logging for this logger for a complete list of JARs that were scanned but no TLDs were found in them. Skipping unneeded JARs during scanning can improve startup time and JSP compilation time.
01-Jan-2010 01:46:55.866 INFO [http-nio-8080-exec-3] org.apache.catalina.core.StandardContext.reload Reloading Context with name [/e-Farming] is completed
