9:19:46 PM  [main] 	Initializing Control Panel
9:19:46 PM  [main] 	Windows Version: Windows 7 Professional SP1 64-bit
9:19:46 PM  [main] 	XAMPP Version: 8.2.12
9:19:46 PM  [main] 	Control Panel Version: 3.3.0  [ Compiled: Apr 6th 2021 ]
9:19:46 PM  [main] 	Running with Administrator rights - good!
9:19:46 PM  [main] 	XAMPP Installation Directory: "c:\xampp\"
9:19:46 PM  [main] 	Checking for prerequisites
9:19:46 PM  [main] 	All prerequisites found
9:19:46 PM  [main] 	Initializing Modules
9:19:46 PM  [main] 	Starting Check-Timer
9:19:46 PM  [main] 	Control Panel Ready
9:20:25 PM  [Apache] 	Attempting to start Apache app...
9:20:25 PM  [Apache] 	Status change detected: running
9:20:27 PM  [mysql] 	Attempting to start MySQL app...
9:20:27 PM  [mysql] 	Status change detected: running
9:20:33 PM  [Apache] 	Attempting to stop Apache (PID: 2336)
9:20:33 PM  [Apache] 	Attempting to stop Apache (PID: 3220)
9:20:33 PM  [Apache] 	Status change detected: stopped
9:20:34 PM  [mysql] 	Attempting to stop MySQL app...
9:20:34 PM  [mysql] 	Status change detected: stopped
9:20:41 PM  [main] 	Deinitializing Modules
9:20:41 PM  [main] 	Deinitializing Control Panel

9:21:19 PM  [main] 	Initializing Control Panel
9:21:19 PM  [main] 	Windows Version: Windows 7 Professional SP1 64-bit
9:21:19 PM  [main] 	XAMPP Version: 8.2.12
9:21:19 PM  [main] 	Control Panel Version: 3.3.0  [ Compiled: Apr 6th 2021 ]
9:21:19 PM  [main] 	Running with Administrator rights - good!
9:21:19 PM  [main] 	XAMPP Installation Directory: "c:\xampp\"
9:21:19 PM  [main] 	Checking for prerequisites
9:21:19 PM  [main] 	All prerequisites found
9:21:19 PM  [main] 	Initializing Modules
9:21:19 PM  [main] 	Starting Check-Timer
9:21:19 PM  [main] 	Control Panel Ready
9:21:24 PM  [mysql] 	Attempting to start MySQL app...
9:21:24 PM  [mysql] 	Status change detected: running
9:21:33 PM  [Apache] 	Attempting to start Apache app...
9:21:34 PM  [Apache] 	Status change detected: running
9:24:21 PM  [Tomcat] 	Status change detected: running
9:28:41 PM  [Tomcat] 	Status change detected: stopped
9:28:56 PM  [filezilla] 	Attempting to start FileZilla app...
9:28:56 PM  [filezilla] 	Status change detected: running
9:29:02 PM  [Apache] 	Attempting to stop Apache (PID: 2820)
9:29:02 PM  [Apache] 	Attempting to stop Apache (PID: 2316)
9:29:02 PM  [Apache] 	Status change detected: stopped
9:29:04 PM  [mysql] 	Attempting to stop MySQL app...
9:29:04 PM  [mysql] 	Status change detected: stopped
9:29:33 PM  [main] 	Deinitializing Modules
9:29:33 PM  [main] 	Deinitializing Control Panel

9:45:25 PM  [main] 	Initializing Control Panel
9:45:25 PM  [main] 	Windows Version: Windows 7 Professional SP1 64-bit
9:45:25 PM  [main] 	XAMPP Version: 8.2.12
9:45:25 PM  [main] 	Control Panel Version: 3.3.0  [ Compiled: Apr 6th 2021 ]
9:45:25 PM  [main] 	Running with Administrator rights - good!
9:45:25 PM  [main] 	XAMPP Installation Directory: "c:\xampp\"
9:45:25 PM  [main] 	Checking for prerequisites
9:45:26 PM  [main] 	All prerequisites found
9:45:26 PM  [main] 	Initializing Modules
9:45:26 PM  [main] 	Starting Check-Timer
9:45:26 PM  [main] 	Control Panel Ready
9:45:30 PM  [Apache] 	Attempting to start Apache app...
9:45:30 PM  [Apache] 	Status change detected: running
9:45:31 PM  [mysql] 	Attempting to start MySQL app...
9:45:31 PM  [mysql] 	Status change detected: running
9:47:05 PM  [Tomcat] 	Status change detected: running
10:14:30 PM  [Apache] 	Attempting to stop Apache (PID: 2808)
10:14:30 PM  [Apache] 	Attempting to stop Apache (PID: 3448)
10:14:30 PM  [Apache] 	Status change detected: stopped
10:14:32 PM  [mysql] 	Attempting to stop MySQL app...
10:14:32 PM  [mysql] 	Status change detected: stopped
10:14:34 PM  [Tomcat] 	Status change detected: stopped
11:52:28 PM  [main] 	Deinitializing Modules
11:52:28 PM  [main] 	Deinitializing Control Panel

10:38:54 AM  [main] 	Initializing Control Panel
10:38:54 AM  [main] 	Windows Version: Windows 7 Professional SP1 64-bit
10:38:54 AM  [main] 	XAMPP Version: 8.2.12
10:38:54 AM  [main] 	Control Panel Version: 3.3.0  [ Compiled: Apr 6th 2021 ]
10:38:54 AM  [main] 	Running with Administrator rights - good!
10:38:54 AM  [main] 	XAMPP Installation Directory: "c:\xampp\"
10:38:54 AM  [main] 	Checking for prerequisites
10:38:55 AM  [main] 	All prerequisites found
10:38:55 AM  [main] 	Initializing Modules
10:38:55 AM  [main] 	Starting Check-Timer
10:38:55 AM  [main] 	Control Panel Ready
10:38:57 AM  [Apache] 	Attempting to start Apache app...
10:38:57 AM  [Apache] 	Status change detected: running
10:38:58 AM  [mysql] 	Attempting to start MySQL app...
10:38:58 AM  [mysql] 	Status change detected: running
10:40:15 AM  [Tomcat] 	Status change detected: running
10:42:09 AM  [Apache] 	Attempting to stop Apache (PID: 3412)
10:42:09 AM  [Apache] 	Attempting to stop Apache (PID: 3192)
10:42:09 AM  [Apache] 	Status change detected: stopped
10:42:10 AM  [mysql] 	Attempting to stop MySQL app...
10:42:11 AM  [mysql] 	Status change detected: stopped
10:42:22 AM  [Tomcat] 	Status change detected: stopped
10:58:19 AM  [main] 	Deinitializing Modules
10:58:19 AM  [main] 	Deinitializing Control Panel

2:28:12 PM  [main] 	Initializing Control Panel
2:28:12 PM  [main] 	Windows Version: Windows 7 Professional SP1 64-bit
2:28:12 PM  [main] 	XAMPP Version: 8.2.12
2:28:12 PM  [main] 	Control Panel Version: 3.3.0  [ Compiled: Apr 6th 2021 ]
2:28:12 PM  [main] 	Running with Administrator rights - good!
2:28:12 PM  [main] 	XAMPP Installation Directory: "c:\xampp\"
2:28:12 PM  [main] 	Checking for prerequisites
2:28:13 PM  [main] 	All prerequisites found
2:28:13 PM  [main] 	Initializing Modules
2:28:13 PM  [main] 	Starting Check-Timer
2:28:13 PM  [main] 	Control Panel Ready
2:28:15 PM  [Apache] 	Attempting to start Apache app...
2:28:15 PM  [Apache] 	Status change detected: running
2:28:16 PM  [mysql] 	Attempting to start MySQL app...
2:28:16 PM  [mysql] 	Status change detected: running
2:29:31 PM  [Tomcat] 	Status change detected: running
2:30:53 PM  [Tomcat] 	Status change detected: stopped
2:31:37 PM  [Tomcat] 	Status change detected: running
3:51:02 PM  [Tomcat] 	Status change detected: stopped
3:51:02 PM  [main] 	Deinitializing Modules
3:51:02 PM  [main] 	Deinitializing Control Panel

