2010-01-01  1:28:59 0 [Note] Starting MariaDB 10.4.32-MariaDB source revision c4143f909528e3fab0677a28631d10389354c491 as process 2528
2010-01-01  1:28:59 0 [Note] InnoDB: Mutexes and rw_locks use Windows interlocked functions
2010-01-01  1:28:59 0 [Note] InnoDB: Uses event mutexes
2010-01-01  1:28:59 0 [Note] InnoDB: Compressed tables use zlib 1.3
2010-01-01  1:28:59 0 [Note] InnoDB: Number of pools: 1
2010-01-01  1:28:59 0 [Note] InnoDB: Using SSE2 crc32 instructions
2010-01-01  1:28:59 0 [Note] InnoDB: Initializing buffer pool, total size = 16M, instances = 1, chunk size = 16M
2010-01-01  1:28:59 0 [Note] InnoDB: Completed initialization of buffer pool
2010-01-01  1:28:59 0 [Note] InnoDB: Starting crash recovery from checkpoint LSN=300288
2010-01-01  1:28:59 0 [Note] InnoDB: 128 out of 128 rollback segments are active.
2010-01-01  1:28:59 0 [Note] InnoDB: Removed temporary tablespace data file: "ibtmp1"
2010-01-01  1:28:59 0 [Note] InnoDB: Creating shared tablespace for temporary tables
2010-01-01  1:28:59 0 [Note] InnoDB: Setting file 'C:\xampp\mysql\data\ibtmp1' size to 12 MB. Physically writing the file full; Please wait ...
2010-01-01  1:28:59 0 [Note] InnoDB: File 'C:\xampp\mysql\data\ibtmp1' size is now 12 MB.
2010-01-01  1:28:59 0 [Note] InnoDB: Waiting for purge to start
2010-01-01  1:28:59 0 [Note] InnoDB: 10.4.32 started; log sequence number 300297; transaction id 170
2010-01-01  1:28:59 0 [Note] InnoDB: Loading buffer pool(s) from C:\xampp\mysql\data\ib_buffer_pool
2010-01-01  1:28:59 0 [Note] Plugin 'FEEDBACK' is disabled.
2010-01-01  1:28:59 0 [Note] Server socket created on IP: '::'.
2010-01-01  1:29:00 0 [Note] InnoDB: Buffer pool(s) load completed at 100101  1:29:00
2010-01-01  1:29:00 0 [Note] Reading of all Master_info entries succeeded
2010-01-01  1:29:00 0 [Note] Added new Master_info '' to hash table
2010-01-01  1:29:00 0 [Note] c:\xampp\mysql\bin\mysqld.exe: ready for connections.
Version: '10.4.32-MariaDB'  socket: ''  port: 3306  mariadb.org binary distribution
2010-01-01  1:34:35 0 [Note] Starting MariaDB 10.4.32-MariaDB source revision c4143f909528e3fab0677a28631d10389354c491 as process 3632
2010-01-01  1:34:35 0 [Note] InnoDB: Mutexes and rw_locks use Windows interlocked functions
2010-01-01  1:34:35 0 [Note] InnoDB: Uses event mutexes
2010-01-01  1:34:35 0 [Note] InnoDB: Compressed tables use zlib 1.3
2010-01-01  1:34:35 0 [Note] InnoDB: Number of pools: 1
2010-01-01  1:34:35 0 [Note] InnoDB: Using SSE2 crc32 instructions
2010-01-01  1:34:35 0 [Note] InnoDB: Initializing buffer pool, total size = 16M, instances = 1, chunk size = 16M
2010-01-01  1:34:35 0 [Note] InnoDB: Completed initialization of buffer pool
2010-01-01  1:34:36 0 [Note] InnoDB: Starting crash recovery from checkpoint LSN=300306
2010-01-01  1:34:36 0 [Note] InnoDB: 128 out of 128 rollback segments are active.
2010-01-01  1:34:36 0 [Note] InnoDB: Removed temporary tablespace data file: "ibtmp1"
2010-01-01  1:34:36 0 [Note] InnoDB: Creating shared tablespace for temporary tables
2010-01-01  1:34:36 0 [Note] InnoDB: Setting file 'C:\xampp\mysql\data\ibtmp1' size to 12 MB. Physically writing the file full; Please wait ...
2010-01-01  1:34:36 0 [Note] InnoDB: File 'C:\xampp\mysql\data\ibtmp1' size is now 12 MB.
2010-01-01  1:34:36 0 [Note] InnoDB: 10.4.32 started; log sequence number 300315; transaction id 170
2010-01-01  1:34:36 0 [Note] InnoDB: Loading buffer pool(s) from C:\xampp\mysql\data\ib_buffer_pool
2010-01-01  1:34:36 0 [Note] Plugin 'FEEDBACK' is disabled.
2010-01-01  1:34:36 0 [Note] Server socket created on IP: '::'.
2010-01-01  1:34:36 0 [Note] InnoDB: Buffer pool(s) load completed at 100101  1:34:36
2010-01-01  1:34:36 0 [Note] Reading of all Master_info entries succeeded
2010-01-01  1:34:36 0 [Note] Added new Master_info '' to hash table
2010-01-01  1:34:36 0 [Note] c:\xampp\mysql\bin\mysqld.exe: ready for connections.
Version: '10.4.32-MariaDB'  socket: ''  port: 3306  mariadb.org binary distribution
2024-04-29  8:45:34 80 [Warning] Aborted connection 80 to db: 'efarming' user: 'root' host: 'localhost' (Got an error reading communication packets)
2024-04-29  8:45:34 79 [Warning] Aborted connection 79 to db: 'efarming' user: 'root' host: 'localhost' (Got an error reading communication packets)
2024-04-29  8:45:34 83 [Warning] Aborted connection 83 to db: 'efarming' user: 'root' host: 'localhost' (Got an error reading communication packets)
2024-04-29  8:45:34 82 [Warning] Aborted connection 82 to db: 'efarming' user: 'root' host: 'localhost' (Got an error reading communication packets)
2024-04-29  8:45:34 84 [Warning] Aborted connection 84 to db: 'efarming' user: 'root' host: 'localhost' (Got an error reading communication packets)
2024-04-29  8:45:34 90 [Warning] Aborted connection 90 to db: 'efarming' user: 'root' host: 'localhost' (Got an error reading communication packets)
2024-04-29  8:45:34 92 [Warning] Aborted connection 92 to db: 'efarming' user: 'root' host: 'localhost' (Got an error reading communication packets)
2024-04-29  8:45:34 86 [Warning] Aborted connection 86 to db: 'efarming' user: 'root' host: 'localhost' (Got an error reading communication packets)
2024-04-29  8:45:34 85 [Warning] Aborted connection 85 to db: 'efarming' user: 'root' host: 'localhost' (Got an error reading communication packets)
2024-04-29  8:45:34 100 [Warning] Aborted connection 100 to db: 'efarming' user: 'root' host: 'localhost' (Got an error reading communication packets)
2024-04-29  8:45:34 102 [Warning] Aborted connection 102 to db: 'efarming' user: 'root' host: 'localhost' (Got an error reading communication packets)
2024-04-29  8:45:34 87 [Warning] Aborted connection 87 to db: 'efarming' user: 'root' host: 'localhost' (Got an error reading communication packets)
2024-04-29  8:45:34 88 [Warning] Aborted connection 88 to db: 'efarming' user: 'root' host: 'localhost' (Got an error reading communication packets)
2024-04-29  8:45:34 89 [Warning] Aborted connection 89 to db: 'efarming' user: 'root' host: 'localhost' (Got an error reading communication packets)
2024-04-29  8:45:34 81 [Warning] Aborted connection 81 to db: 'efarming' user: 'root' host: 'localhost' (Got an error reading communication packets)
2024-04-29  8:45:34 91 [Warning] Aborted connection 91 to db: 'efarming' user: 'root' host: 'localhost' (Got an error reading communication packets)
2024-04-29  8:45:34 93 [Warning] Aborted connection 93 to db: 'efarming' user: 'root' host: 'localhost' (Got an error reading communication packets)
2024-04-29  8:45:35 94 [Warning] Aborted connection 94 to db: 'efarming' user: 'root' host: 'localhost' (Got an error reading communication packets)
2024-04-29  8:45:35 95 [Warning] Aborted connection 95 to db: 'efarming' user: 'root' host: 'localhost' (Got an error reading communication packets)
2024-04-29  8:45:35 96 [Warning] Aborted connection 96 to db: 'efarming' user: 'root' host: 'localhost' (Got an error reading communication packets)
2024-04-29  8:45:35 97 [Warning] Aborted connection 97 to db: 'efarming' user: 'root' host: 'localhost' (Got an error reading communication packets)
2024-04-29  8:45:35 98 [Warning] Aborted connection 98 to db: 'efarming' user: 'root' host: 'localhost' (Got an error reading communication packets)
2024-04-29  8:45:35 101 [Warning] Aborted connection 101 to db: 'efarming' user: 'root' host: 'localhost' (Got an error reading communication packets)
2024-04-29  8:45:35 99 [Warning] Aborted connection 99 to db: 'efarming' user: 'root' host: 'localhost' (Got an error reading communication packets)
2024-04-29 21:20:27 0 [Note] Starting MariaDB 10.4.32-MariaDB source revision c4143f909528e3fab0677a28631d10389354c491 as process 3056
2024-04-29 21:20:27 0 [Note] InnoDB: Mutexes and rw_locks use Windows interlocked functions
2024-04-29 21:20:27 0 [Note] InnoDB: Uses event mutexes
2024-04-29 21:20:27 0 [Note] InnoDB: Compressed tables use zlib 1.3
2024-04-29 21:20:27 0 [Note] InnoDB: Number of pools: 1
2024-04-29 21:20:27 0 [Note] InnoDB: Using SSE2 crc32 instructions
2024-04-29 21:20:27 0 [Note] InnoDB: Initializing buffer pool, total size = 16M, instances = 1, chunk size = 16M
2024-04-29 21:20:27 0 [Note] InnoDB: Completed initialization of buffer pool
2024-04-29 21:20:27 0 [Note] InnoDB: Starting crash recovery from checkpoint LSN=371810
2024-04-29 21:20:28 0 [Note] InnoDB: 128 out of 128 rollback segments are active.
2024-04-29 21:20:28 0 [Note] InnoDB: Removed temporary tablespace data file: "ibtmp1"
2024-04-29 21:20:28 0 [Note] InnoDB: Creating shared tablespace for temporary tables
2024-04-29 21:20:28 0 [Note] InnoDB: Setting file 'C:\xampp\mysql\data\ibtmp1' size to 12 MB. Physically writing the file full; Please wait ...
2024-04-29 21:20:28 0 [Note] InnoDB: File 'C:\xampp\mysql\data\ibtmp1' size is now 12 MB.
2024-04-29 21:20:28 0 [Note] InnoDB: 10.4.32 started; log sequence number 371819; transaction id 323
2024-04-29 21:20:28 0 [Note] InnoDB: Loading buffer pool(s) from C:\xampp\mysql\data\ib_buffer_pool
2024-04-29 21:20:28 0 [Note] Plugin 'FEEDBACK' is disabled.
2024-04-29 21:20:28 0 [Note] Server socket created on IP: '::'.
2024-04-29 21:20:28 0 [Note] InnoDB: Buffer pool(s) load completed at 240429 21:20:28
2024-04-29 21:20:28 0 [Note] Reading of all Master_info entries succeeded
2024-04-29 21:20:28 0 [Note] Added new Master_info '' to hash table
2024-04-29 21:20:28 0 [Note] c:\xampp\mysql\bin\mysqld.exe: ready for connections.
Version: '10.4.32-MariaDB'  socket: ''  port: 3306  mariadb.org binary distribution
2024-04-29 21:21:24 0 [Note] Starting MariaDB 10.4.32-MariaDB source revision c4143f909528e3fab0677a28631d10389354c491 as process 4928
2024-04-29 21:21:24 0 [Note] InnoDB: Mutexes and rw_locks use Windows interlocked functions
2024-04-29 21:21:24 0 [Note] InnoDB: Uses event mutexes
2024-04-29 21:21:24 0 [Note] InnoDB: Compressed tables use zlib 1.3
2024-04-29 21:21:24 0 [Note] InnoDB: Number of pools: 1
2024-04-29 21:21:24 0 [Note] InnoDB: Using SSE2 crc32 instructions
2024-04-29 21:21:24 0 [Note] InnoDB: Initializing buffer pool, total size = 16M, instances = 1, chunk size = 16M
2024-04-29 21:21:24 0 [Note] InnoDB: Completed initialization of buffer pool
2024-04-29 21:21:24 0 [Note] InnoDB: Starting crash recovery from checkpoint LSN=371828
2024-04-29 21:21:25 0 [Note] InnoDB: 128 out of 128 rollback segments are active.
2024-04-29 21:21:25 0 [Note] InnoDB: Removed temporary tablespace data file: "ibtmp1"
2024-04-29 21:21:25 0 [Note] InnoDB: Creating shared tablespace for temporary tables
2024-04-29 21:21:25 0 [Note] InnoDB: Setting file 'C:\xampp\mysql\data\ibtmp1' size to 12 MB. Physically writing the file full; Please wait ...
2024-04-29 21:21:25 0 [Note] InnoDB: File 'C:\xampp\mysql\data\ibtmp1' size is now 12 MB.
2024-04-29 21:21:25 0 [Note] InnoDB: Waiting for purge to start
2024-04-29 21:21:25 0 [Note] InnoDB: 10.4.32 started; log sequence number 371837; transaction id 323
2024-04-29 21:21:25 0 [Note] InnoDB: Loading buffer pool(s) from C:\xampp\mysql\data\ib_buffer_pool
2024-04-29 21:21:25 0 [Note] Plugin 'FEEDBACK' is disabled.
2024-04-29 21:21:25 0 [Note] Server socket created on IP: '::'.
2024-04-29 21:21:25 0 [Note] InnoDB: Buffer pool(s) load completed at 240429 21:21:25
2024-04-29 21:21:25 0 [Note] Reading of all Master_info entries succeeded
2024-04-29 21:21:25 0 [Note] Added new Master_info '' to hash table
2024-04-29 21:21:25 0 [Note] c:\xampp\mysql\bin\mysqld.exe: ready for connections.
Version: '10.4.32-MariaDB'  socket: ''  port: 3306  mariadb.org binary distribution
2024-04-29 21:45:34 0 [Note] Starting MariaDB 10.4.32-MariaDB source revision c4143f909528e3fab0677a28631d10389354c491 as process 2552
2024-04-29 21:45:35 0 [Note] InnoDB: Mutexes and rw_locks use Windows interlocked functions
2024-04-29 21:45:35 0 [Note] InnoDB: Uses event mutexes
2024-04-29 21:45:35 0 [Note] InnoDB: Compressed tables use zlib 1.3
2024-04-29 21:45:35 0 [Note] InnoDB: Number of pools: 1
2024-04-29 21:45:35 0 [Note] InnoDB: Using SSE2 crc32 instructions
2024-04-29 21:45:35 0 [Note] InnoDB: Initializing buffer pool, total size = 16M, instances = 1, chunk size = 16M
2024-04-29 21:45:35 0 [Note] InnoDB: Completed initialization of buffer pool
2024-04-29 21:45:35 0 [Note] InnoDB: Starting crash recovery from checkpoint LSN=371846
2024-04-29 21:45:35 0 [Note] InnoDB: 128 out of 128 rollback segments are active.
2024-04-29 21:45:36 0 [Note] InnoDB: Removed temporary tablespace data file: "ibtmp1"
2024-04-29 21:45:36 0 [Note] InnoDB: Creating shared tablespace for temporary tables
2024-04-29 21:45:36 0 [Note] InnoDB: Setting file 'C:\xampp\mysql\data\ibtmp1' size to 12 MB. Physically writing the file full; Please wait ...
2024-04-29 21:45:36 0 [Note] InnoDB: File 'C:\xampp\mysql\data\ibtmp1' size is now 12 MB.
2024-04-29 21:45:36 0 [Note] InnoDB: Waiting for purge to start
2024-04-29 21:45:36 0 [Note] InnoDB: 10.4.32 started; log sequence number 371855; transaction id 323
2024-04-29 21:45:36 0 [Note] InnoDB: Loading buffer pool(s) from C:\xampp\mysql\data\ib_buffer_pool
2024-04-29 21:45:36 0 [Note] Plugin 'FEEDBACK' is disabled.
2024-04-29 21:45:36 0 [Note] InnoDB: Buffer pool(s) load completed at 240429 21:45:36
2024-04-29 21:45:36 0 [Note] Server socket created on IP: '::'.
2024-04-29 21:45:38 0 [Note] Reading of all Master_info entries succeeded
2024-04-29 21:45:38 0 [Note] Added new Master_info '' to hash table
2024-04-29 21:45:38 0 [Note] c:\xampp\mysql\bin\mysqld.exe: ready for connections.
Version: '10.4.32-MariaDB'  socket: ''  port: 3306  mariadb.org binary distribution
2024-04-29 21:47:41 10 [Warning] Aborted connection 10 to db: 'efarming' user: 'root' host: 'localhost' (Got an error reading communication packets)
2024-04-30 10:39:01 0 [Note] Starting MariaDB 10.4.32-MariaDB source revision c4143f909528e3fab0677a28631d10389354c491 as process 3408
2024-04-30 10:39:01 0 [Note] InnoDB: Mutexes and rw_locks use Windows interlocked functions
2024-04-30 10:39:01 0 [Note] InnoDB: Uses event mutexes
2024-04-30 10:39:01 0 [Note] InnoDB: Compressed tables use zlib 1.3
2024-04-30 10:39:01 0 [Note] InnoDB: Number of pools: 1
2024-04-30 10:39:01 0 [Note] InnoDB: Using SSE2 crc32 instructions
2024-04-30 10:39:01 0 [Note] InnoDB: Initializing buffer pool, total size = 16M, instances = 1, chunk size = 16M
2024-04-30 10:39:01 0 [Note] InnoDB: Completed initialization of buffer pool
2024-04-30 10:39:02 0 [Note] InnoDB: Starting crash recovery from checkpoint LSN=371864
2024-04-30 10:39:02 0 [Note] InnoDB: 128 out of 128 rollback segments are active.
2024-04-30 10:39:02 0 [Note] InnoDB: Removed temporary tablespace data file: "ibtmp1"
2024-04-30 10:39:02 0 [Note] InnoDB: Creating shared tablespace for temporary tables
2024-04-30 10:39:02 0 [Note] InnoDB: Setting file 'C:\xampp\mysql\data\ibtmp1' size to 12 MB. Physically writing the file full; Please wait ...
2024-04-30 10:39:02 0 [Note] InnoDB: File 'C:\xampp\mysql\data\ibtmp1' size is now 12 MB.
2024-04-30 10:39:02 0 [Note] InnoDB: Waiting for purge to start
2024-04-30 10:39:02 0 [Note] InnoDB: 10.4.32 started; log sequence number 371873; transaction id 323
2024-04-30 10:39:02 0 [Note] InnoDB: Loading buffer pool(s) from C:\xampp\mysql\data\ib_buffer_pool
2024-04-30 10:39:03 0 [Note] Plugin 'FEEDBACK' is disabled.
2024-04-30 10:39:03 0 [Note] InnoDB: Buffer pool(s) load completed at 240430 10:39:03
2024-04-30 10:39:03 0 [Note] Server socket created on IP: '::'.
2024-04-30 10:39:05 0 [Note] Reading of all Master_info entries succeeded
2024-04-30 10:39:05 0 [Note] Added new Master_info '' to hash table
2024-04-30 10:39:05 0 [Note] c:\xampp\mysql\bin\mysqld.exe: ready for connections.
Version: '10.4.32-MariaDB'  socket: ''  port: 3306  mariadb.org binary distribution
2024-05-01 14:15:14 0 [Note] Starting MariaDB 10.4.32-MariaDB source revision c4143f909528e3fab0677a28631d10389354c491 as process 1448
2024-05-01 14:15:16 0 [Note] InnoDB: Mutexes and rw_locks use Windows interlocked functions
2024-05-01 14:15:16 0 [Note] InnoDB: Uses event mutexes
2024-05-01 14:15:16 0 [Note] InnoDB: Compressed tables use zlib 1.3
2024-05-01 14:15:16 0 [Note] InnoDB: Number of pools: 1
2024-05-01 14:15:16 0 [Note] InnoDB: Using SSE2 crc32 instructions
2024-05-01 14:15:17 0 [Note] InnoDB: Initializing buffer pool, total size = 16M, instances = 1, chunk size = 16M
2024-05-01 14:15:17 0 [Note] InnoDB: Completed initialization of buffer pool
2024-05-01 14:15:18 0 [Note] InnoDB: Starting crash recovery from checkpoint LSN=371882
2024-05-01 14:15:21 0 [Note] InnoDB: 128 out of 128 rollback segments are active.
2024-05-01 14:15:22 0 [Note] InnoDB: Removed temporary tablespace data file: "ibtmp1"
2024-05-01 14:15:22 0 [Note] InnoDB: Creating shared tablespace for temporary tables
2024-05-01 14:15:22 0 [Note] InnoDB: Setting file 'C:\xampp\mysql\data\ibtmp1' size to 12 MB. Physically writing the file full; Please wait ...
2024-05-01 14:15:22 0 [Note] InnoDB: File 'C:\xampp\mysql\data\ibtmp1' size is now 12 MB.
2024-05-01 14:15:22 0 [Note] InnoDB: Waiting for purge to start
2024-05-01 14:15:22 0 [Note] InnoDB: Waiting for purge to start
2024-05-01 14:15:22 0 [Note] InnoDB: 10.4.32 started; log sequence number 371891; transaction id 323
2024-05-01 14:15:22 0 [Note] InnoDB: Loading buffer pool(s) from C:\xampp\mysql\data\ib_buffer_pool
2024-05-01 14:15:22 0 [Note] Plugin 'FEEDBACK' is disabled.
2024-05-01 14:15:23 0 [Note] InnoDB: Buffer pool(s) load completed at 240501 14:15:23
2024-05-01 14:15:24 0 [Note] Server socket created on IP: '::'.
2024-05-01 14:15:31 0 [Note] Reading of all Master_info entries succeeded
2024-05-01 14:15:31 0 [Note] Added new Master_info '' to hash table
2024-05-01 14:15:31 0 [Note] c:\xampp\mysql\bin\mysqld.exe: ready for connections.
Version: '10.4.32-MariaDB'  socket: ''  port: 3306  mariadb.org binary distribution
2024-05-01 14:28:17 0 [Note] Starting MariaDB 10.4.32-MariaDB source revision c4143f909528e3fab0677a28631d10389354c491 as process 1184
2024-05-01 14:28:17 0 [Note] InnoDB: Mutexes and rw_locks use Windows interlocked functions
2024-05-01 14:28:17 0 [Note] InnoDB: Uses event mutexes
2024-05-01 14:28:17 0 [Note] InnoDB: Compressed tables use zlib 1.3
2024-05-01 14:28:17 0 [Note] InnoDB: Number of pools: 1
2024-05-01 14:28:17 0 [Note] InnoDB: Using SSE2 crc32 instructions
2024-05-01 14:28:17 0 [Note] InnoDB: Initializing buffer pool, total size = 16M, instances = 1, chunk size = 16M
2024-05-01 14:28:17 0 [Note] InnoDB: Completed initialization of buffer pool
2024-05-01 14:28:17 0 [Note] InnoDB: Starting crash recovery from checkpoint LSN=371900
2024-05-01 14:28:17 0 [Note] InnoDB: 128 out of 128 rollback segments are active.
2024-05-01 14:28:17 0 [Note] InnoDB: Removed temporary tablespace data file: "ibtmp1"
2024-05-01 14:28:17 0 [Note] InnoDB: Creating shared tablespace for temporary tables
2024-05-01 14:28:17 0 [Note] InnoDB: Setting file 'C:\xampp\mysql\data\ibtmp1' size to 12 MB. Physically writing the file full; Please wait ...
2024-05-01 14:28:17 0 [Note] InnoDB: File 'C:\xampp\mysql\data\ibtmp1' size is now 12 MB.
2024-05-01 14:28:17 0 [Note] InnoDB: Waiting for purge to start
2024-05-01 14:28:17 0 [Note] InnoDB: 10.4.32 started; log sequence number 371909; transaction id 323
2024-05-01 14:28:17 0 [Note] InnoDB: Loading buffer pool(s) from C:\xampp\mysql\data\ib_buffer_pool
2024-05-01 14:28:17 0 [Note] Plugin 'FEEDBACK' is disabled.
2024-05-01 14:28:18 0 [Note] Server socket created on IP: '::'.
2024-05-01 14:28:18 0 [Note] InnoDB: Buffer pool(s) load completed at 240501 14:28:18
2024-05-01 14:28:18 0 [Note] Reading of all Master_info entries succeeded
2024-05-01 14:28:18 0 [Note] Added new Master_info '' to hash table
2024-05-01 14:28:18 0 [Note] c:\xampp\mysql\bin\mysqld.exe: ready for connections.
Version: '10.4.32-MariaDB'  socket: ''  port: 3306  mariadb.org binary distribution
2024-05-01 15:38:52 8 [Warning] Aborted connection 8 to db: 'efarming' user: 'root' host: 'localhost' (Got an error reading communication packets)
2024-05-01 15:51:01 13 [Warning] Aborted connection 13 to db: 'efarming' user: 'root' host: 'localhost' (Got an error reading communication packets)
2024-05-01 15:51:01 9 [Warning] Aborted connection 9 to db: 'efarming' user: 'root' host: 'localhost' (Got an error reading communication packets)
2024-05-01 15:51:01 15 [Warning] Aborted connection 15 to db: 'efarming' user: 'root' host: 'localhost' (Got an error reading communication packets)
2024-05-01 15:51:01 10 [Warning] Aborted connection 10 to db: 'efarming' user: 'root' host: 'localhost' (Got an error reading communication packets)
2024-05-01 15:51:01 11 [Warning] Aborted connection 11 to db: 'efarming' user: 'root' host: 'localhost' (Got an error reading communication packets)
2024-05-01 15:51:01 12 [Warning] Aborted connection 12 to db: 'efarming' user: 'root' host: 'localhost' (Got an error reading communication packets)
2024-05-01 15:51:01 14 [Warning] Aborted connection 14 to db: 'efarming' user: 'root' host: 'localhost' (Got an error reading communication packets)
